<?xml version="1.0" encoding="UTF-8"?>
<!-- Generated by org.testng.reporters.JUnitXMLReporter -->
<testsuite ignored="0" hostname="LAPTOP-PJ7L08O1" failures="1" tests="1" name="Click An Item And Verify ELements" time="7.909" errors="0" timestamp="2022-11-09T18:53:48 EST">
  <testcase classname="AmazonTesting.AmazonItem" name="verifyAddRemoveElements" time="7.587">
    <failure type="java.lang.AssertionError" message="Test Failed: Unexpected CSS class found for searchbarForm after click.
Expected Class: nav-input nav-searchbar-attribute nav-active
Found Class: nav-searchbar nav-progressive-attribute nav-active expected [nav-searchbar nav-progressive-att????????????????ribute nav-active] but found [nav-searchbar nav-progressive-attribute nav-active]">
      <![CDATA[java.lang.AssertionError: Test Failed: Unexpected CSS class found for searchbarForm after click.
Expected Class: nav-input nav-searchbar-attribute nav-active
Found Class: nav-searchbar nav-progressive-attribute nav-active expected [nav-searchbar nav-progressive-att????????????????ribute nav-active] but found [nav-searchbar nav-progressive-attribute nav-active]
at AmazonTesting.AmazonItem.verifyAddRemoveElements(AmazonItem.java:42)
at java.base/java.util.ArrayList.forEach(ArrayList.java:1511)
... Removed 32 stack frames]]>
    </failure>
  </testcase> <!-- verifyAddRemoveElements -->
</testsuite> <!-- Click An Item And Verify ELements -->
