<?xml version="1.0" encoding="UTF-8"?>
<!-- Generated by org.testng.reporters.JUnitXMLReporter -->
<testsuite ignored="0" hostname="LAPTOP-PJ7L08O1" failures="1" tests="1" name="InfiniteScroll" time="5.049" errors="0" timestamp="2022-10-20T21:02:25 EDT">
  <testcase classname="Sprint1.InfiniteScroll" name="verifyInputBox" time="5.017">
    <failure type="java.lang.AssertionError" message="null">
      <![CDATA[java.lang.AssertionError: null
at Sprint1.InfiniteScroll.verifyInputBox(InfiniteScroll.java:49)
at java.base/java.util.ArrayList.forEach(ArrayList.java:1511)
... Removed 29 stack frames]]>
    </failure>
  </testcase> <!-- verifyInputBox -->
</testsuite> <!-- InfiniteScroll -->
