<?xml version="1.0" encoding="UTF-8"?>
<!-- Generated by org.testng.reporters.JUnitXMLReporter -->
<testsuite ignored="0" hostname="LAPTOP-PJ7L08O1" failures="1" tests="1" name="Typos" time="20.093" errors="0" timestamp="2022-10-14T18:27:55 EDT">
  <testcase classname="Sprint1.Typos" name="checkForTypos" time="20.062">
    <failure type="java.lang.AssertionError" message="The following asserts failed:
	expected [Sometimes you&amp;apos;ll see a typo, other times you won&amp;apos;t.] but found [Sometimes you&amp;apos;ll see a typo, other times you won,t.]">
      <![CDATA[java.lang.AssertionError: The following asserts failed:
expected [Sometimes you'll see a typo, other times you won't.] but found [Sometimes you'll see a typo, other times you won,t.]
at Sprint1.Typos.checkForTypos(Typos.java:36)
at java.base/java.util.ArrayList.forEach(ArrayList.java:1511)
... Removed 29 stack frames]]>
    </failure>
  </testcase> <!-- checkForTypos -->
</testsuite> <!-- Typos -->
