<?xml version="1.0" encoding="UTF-8"?>
<testng-results ignored="0" total="1" passed="0" failed="1" skipped="0">
  <reporter-output>
  </reporter-output>
  <suite started-at="2022-11-09T18:53:41 EST" name="Amazon testing" finished-at="2022-11-09T18:53:48 EST" duration-ms="7909">
    <groups>
    </groups>
    <test started-at="2022-11-09T18:53:41 EST" name="Click An Item And Verify ELements" finished-at="2022-11-09T18:53:48 EST" duration-ms="7909">
      <class name="AmazonTesting.AmazonItem">
        <test-method signature="verifyAddRemoveElements(java.lang.String)[pri:0, instance:AmazonTesting.AmazonItem@d9345cd]" started-at="2022-11-09T18:53:41 EST" name="verifyAddRemoveElements" finished-at="2022-11-09T18:53:48 EST" duration-ms="7587" status="FAIL">
          <params>
            <param index="0">
              <value>
                <![CDATA[C:\Users\lordr\OneDrive\Documents\chromedriver.exe]]>
              </value>
            </param>
          </params>
          <exception class="java.lang.AssertionError">
            <message>
              <![CDATA[Test Failed: Unexpected CSS class found for searchbarForm after click.
Expected Class: nav-input nav-searchbar-attribute nav-active
Found Class: nav-searchbar nav-progressive-attribute nav-active expected [nav-searchbar nav-progressive-att????????????????ribute nav-active] but found [nav-searchbar nav-progressive-attribute nav-active]]]>
            </message>
            <full-stacktrace>
              <![CDATA[java.lang.AssertionError: Test Failed: Unexpected CSS class found for searchbarForm after click.
Expected Class: nav-input nav-searchbar-attribute nav-active
Found Class: nav-searchbar nav-progressive-attribute nav-active expected [nav-searchbar nav-progressive-att????????????????ribute nav-active] but found [nav-searchbar nav-progressive-attribute nav-active]
at org.testng.Assert.fail(Assert.java:99)
at org.testng.Assert.failNotEquals(Assert.java:1037)
at org.testng.Assert.assertEqualsImpl(Assert.java:140)
at org.testng.Assert.assertEquals(Assert.java:122)
at org.testng.Assert.assertEquals(Assert.java:629)
at AmazonTesting.AmazonItem.verifyAddRemoveElements(AmazonItem.java:42)
at java.base/jdk.internal.reflect.NativeMethodAccessorImpl.invoke0(Native Method)
at java.base/jdk.internal.reflect.NativeMethodAccessorImpl.invoke(NativeMethodAccessorImpl.java:77)
at java.base/jdk.internal.reflect.DelegatingMethodAccessorImpl.invoke(DelegatingMethodAccessorImpl.java:43)
at java.base/java.lang.reflect.Method.invoke(Method.java:568)
at org.testng.internal.MethodInvocationHelper.invokeMethod(MethodInvocationHelper.java:133)
at org.testng.internal.TestInvoker.invokeMethod(TestInvoker.java:598)
at org.testng.internal.TestInvoker.invokeTestMethod(TestInvoker.java:173)
at org.testng.internal.MethodRunner.runInSequence(MethodRunner.java:46)
at org.testng.internal.TestInvoker$MethodInvocationAgent.invoke(TestInvoker.java:824)
at org.testng.internal.TestInvoker.invokeTestMethods(TestInvoker.java:146)
at org.testng.internal.TestMethodWorker.invokeTestMethods(TestMethodWorker.java:146)
at org.testng.internal.TestMethodWorker.run(TestMethodWorker.java:128)
at java.base/java.util.ArrayList.forEach(ArrayList.java:1511)
at org.testng.TestRunner.privateRun(TestRunner.java:794)
at org.testng.TestRunner.run(TestRunner.java:596)
at org.testng.SuiteRunner.runTest(SuiteRunner.java:377)
at org.testng.SuiteRunner.runSequentially(SuiteRunner.java:371)
at org.testng.SuiteRunner.privateRun(SuiteRunner.java:332)
at org.testng.SuiteRunner.run(SuiteRunner.java:276)
at org.testng.SuiteRunnerWorker.runSuite(SuiteRunnerWorker.java:53)
at org.testng.SuiteRunnerWorker.run(SuiteRunnerWorker.java:96)
at org.testng.TestNG.runSuitesSequentially(TestNG.java:1212)
at org.testng.TestNG.runSuitesLocally(TestNG.java:1134)
at org.testng.TestNG.runSuites(TestNG.java:1063)
at org.testng.TestNG.run(TestNG.java:1031)
at org.testng.remote.AbstractRemoteTestNG.run(AbstractRemoteTestNG.java:115)
at org.testng.remote.RemoteTestNG.initAndRun(RemoteTestNG.java:251)
at org.testng.remote.RemoteTestNG.main(RemoteTestNG.java:77)
]]>
            </full-stacktrace>
          </exception> <!-- java.lang.AssertionError -->
          <reporter-output>
          </reporter-output>
        </test-method> <!-- verifyAddRemoveElements -->
        <test-method is-config="true" signature="testCleanUp()[pri:0, instance:AmazonTesting.AmazonItem@d9345cd]" started-at="2022-11-09T18:53:48 EST" name="testCleanUp" finished-at="2022-11-09T18:53:48 EST" duration-ms="266" status="PASS">
          <reporter-output>
          </reporter-output>
        </test-method> <!-- testCleanUp -->
      </class> <!-- AmazonTesting.AmazonItem -->
    </test> <!-- Click An Item And Verify ELements -->
  </suite> <!-- Amazon testing -->
</testng-results>
